<?xml version="1.0" encoding="UTF-8"?>
<testsuite xmlns:xsi="http://www.w3.org/2001/XMLSchema-instance" xsi:noNamespaceSchemaLocation="https://maven.apache.org/surefire/maven-surefire-plugin/xsd/surefire-test-report.xsd" name="com.github.druyaned.test_horstmann2.AppTest" time="0.049" tests="1" errors="0" skipped="0" failures="0">
  <properties>
    <property name="java.specification.version" value="17"/>
    <property name="sun.jnu.encoding" value="UTF-8"/>
    <property name="java.class.path" value="/Users/ed/Documents/YandexDisk/NetBeansProjects/horstmann-notes/target/test-classes:/Users/ed/Documents/YandexDisk/NetBeansProjects/horstmann-notes/target/classes:/Users/ed/.m2/repository/junit/junit/4.11/junit-4.11.jar:/Users/ed/.m2/repository/org/hamcrest/hamcrest-core/1.3/hamcrest-core-1.3.jar:/Users/ed/.m2/repository/com/github/druyaned/console-colors/1.0/console-colors-1.0.jar:/Users/ed/.m2/repository/com/sun/mail/javax.mail/1.6.2/javax.mail-1.6.2.jar:/Users/ed/.m2/repository/javax/activation/activation/1.1/activation-1.1.jar:/Users/ed/.m2/repository/org/postgresql/postgresql/42.5.0/postgresql-42.5.0.jar:/Users/ed/.m2/repository/org/checkerframework/checker-qual/3.5.0/checker-qual-3.5.0.jar:/Users/ed/.m2/repository/commons-codec/commons-codec/1.15/commons-codec-1.15.jar:/Users/ed/.m2/repository/org/hibernate/validator/hibernate-validator/7.0.0.Final/hibernate-validator-7.0.0.Final.jar:/Users/ed/.m2/repository/jakarta/validation/jakarta.validation-api/3.0.0/jakarta.validation-api-3.0.0.jar:/Users/ed/.m2/repository/org/jboss/logging/jboss-logging/3.4.1.Final/jboss-logging-3.4.1.Final.jar:/Users/ed/.m2/repository/com/fasterxml/classmate/1.5.1/classmate-1.5.1.jar:/Users/ed/.m2/repository/org/openjdk/nashorn/nashorn-core/15.4/nashorn-core-15.4.jar:/Users/ed/.m2/repository/org/ow2/asm/asm-commons/7.3.1/asm-commons-7.3.1.jar:/Users/ed/.m2/repository/org/ow2/asm/asm-analysis/7.3.1/asm-analysis-7.3.1.jar:/Users/ed/.m2/repository/org/ow2/asm/asm-tree/7.3.1/asm-tree-7.3.1.jar:/Users/ed/.m2/repository/org/ow2/asm/asm-util/7.3.1/asm-util-7.3.1.jar:/Users/ed/.m2/repository/org/ow2/asm/asm/9.5/asm-9.5.jar:"/>
    <property name="java.vm.vendor" value="Oracle Corporation"/>
    <property name="sun.arch.data.model" value="64"/>
    <property name="java.vendor.url" value="https://java.oracle.com/"/>
    <property name="os.name" value="Mac OS X"/>
    <property name="java.vm.specification.version" value="17"/>
    <property name="sun.java.launcher" value="SUN_STANDARD"/>
    <property name="user.country" value="RU"/>
    <property name="sun.boot.library.path" value="/Library/Java/JavaVirtualMachines/jdk-17.0.4.1.jdk/Contents/Home/lib"/>
    <property name="sun.java.command" value="/Users/ed/Documents/YandexDisk/NetBeansProjects/horstmann-notes/target/surefire/surefirebooter15138780127824367981.jar /Users/ed/Documents/YandexDisk/NetBeansProjects/horstmann-notes/target/surefire 2023-07-09T13-17-10_894-jvmRun1 surefire6350586340519131928tmp surefire_013883501336380989565tmp"/>
    <property name="http.nonProxyHosts" value="local|*.local|169.254/16|*.169.254/16"/>
    <property name="jdk.debug" value="release"/>
    <property name="surefire.test.class.path" value="/Users/ed/Documents/YandexDisk/NetBeansProjects/horstmann-notes/target/test-classes:/Users/ed/Documents/YandexDisk/NetBeansProjects/horstmann-notes/target/classes:/Users/ed/.m2/repository/junit/junit/4.11/junit-4.11.jar:/Users/ed/.m2/repository/org/hamcrest/hamcrest-core/1.3/hamcrest-core-1.3.jar:/Users/ed/.m2/repository/com/github/druyaned/console-colors/1.0/console-colors-1.0.jar:/Users/ed/.m2/repository/com/sun/mail/javax.mail/1.6.2/javax.mail-1.6.2.jar:/Users/ed/.m2/repository/javax/activation/activation/1.1/activation-1.1.jar:/Users/ed/.m2/repository/org/postgresql/postgresql/42.5.0/postgresql-42.5.0.jar:/Users/ed/.m2/repository/org/checkerframework/checker-qual/3.5.0/checker-qual-3.5.0.jar:/Users/ed/.m2/repository/commons-codec/commons-codec/1.15/commons-codec-1.15.jar:/Users/ed/.m2/repository/org/hibernate/validator/hibernate-validator/7.0.0.Final/hibernate-validator-7.0.0.Final.jar:/Users/ed/.m2/repository/jakarta/validation/jakarta.validation-api/3.0.0/jakarta.validation-api-3.0.0.jar:/Users/ed/.m2/repository/org/jboss/logging/jboss-logging/3.4.1.Final/jboss-logging-3.4.1.Final.jar:/Users/ed/.m2/repository/com/fasterxml/classmate/1.5.1/classmate-1.5.1.jar:/Users/ed/.m2/repository/org/openjdk/nashorn/nashorn-core/15.4/nashorn-core-15.4.jar:/Users/ed/.m2/repository/org/ow2/asm/asm-commons/7.3.1/asm-commons-7.3.1.jar:/Users/ed/.m2/repository/org/ow2/asm/asm-analysis/7.3.1/asm-analysis-7.3.1.jar:/Users/ed/.m2/repository/org/ow2/asm/asm-tree/7.3.1/asm-tree-7.3.1.jar:/Users/ed/.m2/repository/org/ow2/asm/asm-util/7.3.1/asm-util-7.3.1.jar:/Users/ed/.m2/repository/org/ow2/asm/asm/9.5/asm-9.5.jar:"/>
    <property name="sun.cpu.endian" value="little"/>
    <property name="user.home" value="/Users/ed"/>
    <property name="user.language" value="en"/>
    <property name="java.specification.vendor" value="Oracle Corporation"/>
    <property name="java.version.date" value="2022-08-18"/>
    <property name="java.home" value="/Library/Java/JavaVirtualMachines/jdk-17.0.4.1.jdk/Contents/Home"/>
    <property name="file.separator" value="/"/>
    <property name="basedir" value="/Users/ed/Documents/YandexDisk/NetBeansProjects/horstmann-notes"/>
    <property name="java.vm.compressedOopsMode" value="Zero based"/>
    <property name="line.separator" value="&#10;"/>
    <property name="java.specification.name" value="Java Platform API Specification"/>
    <property name="java.vm.specification.vendor" value="Oracle Corporation"/>
    <property name="surefire.real.class.path" value="/Users/ed/Documents/YandexDisk/NetBeansProjects/horstmann-notes/target/surefire/surefirebooter15138780127824367981.jar"/>
    <property name="sun.management.compiler" value="HotSpot 64-Bit Tiered Compilers"/>
    <property name="ftp.nonProxyHosts" value="local|*.local|169.254/16|*.169.254/16"/>
    <property name="java.runtime.version" value="17.0.4.1+1-LTS-2"/>
    <property name="user.name" value="ed"/>
    <property name="path.separator" value=":"/>
    <property name="os.version" value="10.15.7"/>
    <property name="java.runtime.name" value="Java(TM) SE Runtime Environment"/>
    <property name="file.encoding" value="UTF-8"/>
    <property name="java.vm.name" value="Java HotSpot(TM) 64-Bit Server VM"/>
    <property name="localRepository" value="/Users/ed/.m2/repository"/>
    <property name="java.vendor.url.bug" value="https://bugreport.java.com/bugreport/"/>
    <property name="java.io.tmpdir" value="/var/folders/4k/3wjh003d6536zrx6hhv51ljh0000gn/T/"/>
    <property name="java.version" value="17.0.4.1"/>
    <property name="user.dir" value="/Users/ed/Documents/YandexDisk/NetBeansProjects/horstmann-notes"/>
    <property name="os.arch" value="x86_64"/>
    <property name="java.vm.specification.name" value="Java Virtual Machine Specification"/>
    <property name="native.encoding" value="UTF-8"/>
    <property name="java.library.path" value="/Users/ed/Library/Java/Extensions:/Library/Java/Extensions:/Network/Library/Java/Extensions:/System/Library/Java/Extensions:/usr/lib/java:."/>
    <property name="java.vm.info" value="mixed mode, sharing"/>
    <property name="java.vendor" value="Oracle Corporation"/>
    <property name="java.vm.version" value="17.0.4.1+1-LTS-2"/>
    <property name="sun.io.unicode.encoding" value="UnicodeBig"/>
    <property name="socksNonProxyHosts" value="local|*.local|169.254/16|*.169.254/16"/>
    <property name="java.class.version" value="61.0"/>
  </properties>
  <testcase name="shouldAnswerWithTrue" classname="com.github.druyaned.test_horstmann2.AppTest" time="0.003"/>
</testsuite>